<?xml version="1.0" encoding="UTF-8"?>
<testsuite xmlns:xsi="http://www.w3.org/2001/XMLSchema-instance" xsi:noNamespaceSchemaLocation="https://maven.apache.org/surefire/maven-surefire-plugin/xsd/surefire-test-report.xsd" version="3.0.2" name="com.example.demo.JavaMonitoringAppApplicationTests" time="11.981" tests="1" errors="0" skipped="0" failures="0">
  <properties>
[...]
</properties>
  <testcase name="contextLoads" classname="com.example.demo.JavaMonitoringAppApplicationTests" time="3.018">
    <system-out><![CDATA[16:39:35.658 [main] INFO org.springframework.test.context.support.AnnotationConfigContextLoaderUtils -- Could not detect default configuration classes for test class [com.example.demo.JavaMonitoringAppApplicationTests]: JavaMonitoringAppApplicationTests does not declare any static, non-private, non-final, nested classes annotated with @Configuration.
16:39:35.979 [main] INFO org.springframework.boot.test.context.SpringBootTestContextBootstrapper -- Found @SpringBootConfiguration com.example.demo.JavaMonitoringAppApplication for test class com.example.demo.JavaMonitoringAppApplicationTests

  .   ____          _            __ _ _
 /\\ / ___'_ __ _ _(_)_ __  __ _ \ \ \ \
( ( )\___ | '_ | '_| | '_ \/ _` | \ \ \ \
 \\/  ___)| |_)| | | | | || (_| |  ) ) ) )
  '  |____| .__|_| |_|_| |_\__, | / / / /
 =========|_|==============|___/=/_/_/_/

 :: Spring Boot ::                (v3.5.0)

2025-06-19T16:39:37.304+05:30  INFO 8278 --- [java-monitoring-app] [           main] c.e.d.JavaMonitoringAppApplicationTests  : Starting JavaMonitoringAppApplicationTests using Java 17.0.12 with PID 8278 (started by macbookair in /Users/macbookair/Documents/workspace-spring-tools-for-eclipse-4.30.0.RELEASE/java-monitoring-app)
2025-06-19T16:39:37.307+05:30  INFO 8278 --- [java-monitoring-app] [           main] c.e.d.JavaMonitoringAppApplicationTests  : No active profile set, falling back to 1 default profile: "default"
2025-06-19T16:39:41.782+05:30  WARN 8278 --- [java-monitoring-app] [           main] ion$DefaultTemplateResolverConfiguration : Cannot find template location: classpath:/templates/ (please add some templates, check your Thymeleaf configuration, or set spring.thymeleaf.check-template-location=false)
2025-06-19T16:39:43.586+05:30  INFO 8278 --- [java-monitoring-app] [           main] .w.s.a.s.AnnotationActionEndpointMapping : Supporting [WS-Addressing August 2004, WS-Addressing 1.0]
2025-06-19T16:39:43.669+05:30  INFO 8278 --- [java-monitoring-app] [           main] o.s.b.a.e.web.EndpointLinksResolver      : Exposing 13 endpoints beneath base path '/actuator'
2025-06-19T16:39:44.032+05:30  INFO 8278 --- [java-monitoring-app] [           main] c.e.d.JavaMonitoringAppApplicationTests  : Started JavaMonitoringAppApplicationTests in 7.637 seconds (process running for 11.696)
]]></system-out>
  </testcase>
</testsuite>